<?xml version="1.0" encoding="UTF-8"?>
<!-- Generated by org.testng.reporters.JUnitReportReporter -->
<testsuite hostname="Ak" failures="0" tests="2" name="mavenProject.pac.ContactTest" time="0.000" errors="0" timestamp="29 Jul 2025 10:09:49 GMT" skipped="0">
  <testcase classname="mavenProject.pac.ContactTest" name="modifycontactTest" time="0.000"/>
  <testcase classname="mavenProject.pac.ContactTest" name="createcontactTest" time="0.000"/>
</testsuite> <!-- mavenProject.pac.ContactTest -->
