<?xml version="1.0" encoding="UTF-8"?>
<!-- Generated by org.testng.reporters.JUnitReportReporter -->
<testsuite hostname="Ak" failures="0" tests="2" name="package2.orgTest" time="0.007" errors="0" timestamp="29 Jul 2025 10:09:49 GMT" skipped="0">
  <testcase classname="package2.orgTest" name="modifyorgTest" time="0.000"/>
  <testcase classname="package2.orgTest" name="createorgTest" time="0.007"/>
</testsuite> <!-- package2.orgTest -->
